This is pdfTeX, Version 3.1415926-1.40.10 (TeX Live 2009/Debian) (format=pdflatex 2014.3.26)  11 APR 2014 18:01
entering extended mode
 \write18 enabled.
 %&-line parsing enabled.
**informe.tex
(./informe.tex
LaTeX2e <2009/09/24>
Babel <v3.8l> and hyphenation patterns for english, usenglishmax, dumylang, noh
yphenation, farsi, arabic, croatian, bulgarian, ukrainian, russian, czech, slov
ak, danish, dutch, finnish, french, basque, ngerman, german, german-x-2009-06-1
9, ngerman-x-2009-06-19, ibycus, monogreek, greek, ancientgreek, hungarian, san
skrit, italian, latin, latvian, lithuanian, mongolian2a, mongolian, bokmal, nyn
orsk, romanian, irish, coptic, serbian, turkish, welsh, esperanto, uppersorbian
, estonian, indonesian, interlingua, icelandic, kurmanji, slovenian, polish, po
rtuguese, spanish, galician, catalan, swedish, ukenglish, pinyin, loaded.
(/usr/share/texmf-texlive/tex/latex/base/article.cls
Document Class: article 2007/10/19 v1.4h Standard LaTeX document class
(/usr/share/texmf-texlive/tex/latex/base/size10.clo
File: size10.clo 2007/10/19 v1.4h Standard LaTeX file (size option)
)
\c@part=\count79
\c@section=\count80
\c@subsection=\count81
\c@subsubsection=\count82
\c@paragraph=\count83
\c@subparagraph=\count84
\c@figure=\count85
\c@table=\count86
\abovecaptionskip=\skip41
\belowcaptionskip=\skip42
\bibindent=\dimen102
)
(/usr/share/texmf-texlive/tex/latex/geometry/geometry.sty
Package: geometry 2008/12/21 v4.2 Page Geometry

(/usr/share/texmf-texlive/tex/latex/graphics/keyval.sty
Package: keyval 1999/03/16 v1.13 key=value parser (DPC)
\KV@toks@=\toks14
)
(/usr/share/texmf-texlive/tex/generic/oberdiek/ifpdf.sty
Package: ifpdf 2009/04/10 v2.0 Provides the ifpdf switch (HO)
Package ifpdf Info: pdfTeX in pdf mode detected.
)
(/usr/share/texmf-texlive/tex/generic/oberdiek/ifvtex.sty
Package: ifvtex 2008/11/04 v1.4 Switches for detecting VTeX and its modes (HO)
Package ifvtex Info: VTeX not detected.
)
\Gm@cnth=\count87
\Gm@cntv=\count88
\c@Gm@tempcnt=\count89
\Gm@bindingoffset=\dimen103
\Gm@wd@mp=\dimen104
\Gm@odd@mp=\dimen105
\Gm@even@mp=\dimen106
\Gm@dimlist=\toks15

(/usr/share/texmf-texlive/tex/xelatex/xetexconfig/geometry.cfg))
(/usr/share/texmf-texlive/tex/latex/base/inputenc.sty
Package: inputenc 2008/03/30 v1.1d Input encoding file
\inpenc@prehook=\toks16
\inpenc@posthook=\toks17

(/usr/share/texmf-texlive/tex/latex/base/utf8.def
File: utf8.def 2008/04/05 v1.1m UTF-8 support for inputenc
Now handling font encoding OML ...
... no UTF-8 mapping file for font encoding OML
Now handling font encoding T1 ...
... processing UTF-8 mapping file for font encoding T1

(/usr/share/texmf-texlive/tex/latex/base/t1enc.dfu
File: t1enc.dfu 2008/04/05 v1.1m UTF-8 support for inputenc
   defining Unicode char U+00A1 (decimal 161)
   defining Unicode char U+00A3 (decimal 163)
   defining Unicode char U+00AB (decimal 171)
   defining Unicode char U+00BB (decimal 187)
   defining Unicode char U+00BF (decimal 191)
   defining Unicode char U+00C0 (decimal 192)
   defining Unicode char U+00C1 (decimal 193)
   defining Unicode char U+00C2 (decimal 194)
   defining Unicode char U+00C3 (decimal 195)
   defining Unicode char U+00C4 (decimal 196)
   defining Unicode char U+00C5 (decimal 197)
   defining Unicode char U+00C6 (decimal 198)
   defining Unicode char U+00C7 (decimal 199)
   defining Unicode char U+00C8 (decimal 200)
   defining Unicode char U+00C9 (decimal 201)
   defining Unicode char U+00CA (decimal 202)
   defining Unicode char U+00CB (decimal 203)
   defining Unicode char U+00CC (decimal 204)
   defining Unicode char U+00CD (decimal 205)
   defining Unicode char U+00CE (decimal 206)
   defining Unicode char U+00CF (decimal 207)
   defining Unicode char U+00D0 (decimal 208)
   defining Unicode char U+00D1 (decimal 209)
   defining Unicode char U+00D2 (decimal 210)
   defining Unicode char U+00D3 (decimal 211)
   defining Unicode char U+00D4 (decimal 212)
   defining Unicode char U+00D5 (decimal 213)
   defining Unicode char U+00D6 (decimal 214)
   defining Unicode char U+00D8 (decimal 216)
   defining Unicode char U+00D9 (decimal 217)
   defining Unicode char U+00DA (decimal 218)
   defining Unicode char U+00DB (decimal 219)
   defining Unicode char U+00DC (decimal 220)
   defining Unicode char U+00DD (decimal 221)
   defining Unicode char U+00DE (decimal 222)
   defining Unicode char U+00DF (decimal 223)
   defining Unicode char U+00E0 (decimal 224)
   defining Unicode char U+00E1 (decimal 225)
   defining Unicode char U+00E2 (decimal 226)
   defining Unicode char U+00E3 (decimal 227)
   defining Unicode char U+00E4 (decimal 228)
   defining Unicode char U+00E5 (decimal 229)
   defining Unicode char U+00E6 (decimal 230)
   defining Unicode char U+00E7 (decimal 231)
   defining Unicode char U+00E8 (decimal 232)
   defining Unicode char U+00E9 (decimal 233)
   defining Unicode char U+00EA (decimal 234)
   defining Unicode char U+00EB (decimal 235)
   defining Unicode char U+00EC (decimal 236)
   defining Unicode char U+00ED (decimal 237)
   defining Unicode char U+00EE (decimal 238)
   defining Unicode char U+00EF (decimal 239)
   defining Unicode char U+00F0 (decimal 240)
   defining Unicode char U+00F1 (decimal 241)
   defining Unicode char U+00F2 (decimal 242)
   defining Unicode char U+00F3 (decimal 243)
   defining Unicode char U+00F4 (decimal 244)
   defining Unicode char U+00F5 (decimal 245)
   defining Unicode char U+00F6 (decimal 246)
   defining Unicode char U+00F8 (decimal 248)
   defining Unicode char U+00F9 (decimal 249)
   defining Unicode char U+00FA (decimal 250)
   defining Unicode char U+00FB (decimal 251)
   defining Unicode char U+00FC (decimal 252)
   defining Unicode char U+00FD (decimal 253)
   defining Unicode char U+00FE (decimal 254)
   defining Unicode char U+00FF (decimal 255)
   defining Unicode char U+0102 (decimal 258)
   defining Unicode char U+0103 (decimal 259)
   defining Unicode char U+0104 (decimal 260)
   defining Unicode char U+0105 (decimal 261)
   defining Unicode char U+0106 (decimal 262)
   defining Unicode char U+0107 (decimal 263)
   defining Unicode char U+010C (decimal 268)
   defining Unicode char U+010D (decimal 269)
   defining Unicode char U+010E (decimal 270)
   defining Unicode char U+010F (decimal 271)
   defining Unicode char U+0110 (decimal 272)
   defining Unicode char U+0111 (decimal 273)
   defining Unicode char U+0118 (decimal 280)
   defining Unicode char U+0119 (decimal 281)
   defining Unicode char U+011A (decimal 282)
   defining Unicode char U+011B (decimal 283)
   defining Unicode char U+011E (decimal 286)
   defining Unicode char U+011F (decimal 287)
   defining Unicode char U+0130 (decimal 304)
   defining Unicode char U+0131 (decimal 305)
   defining Unicode char U+0132 (decimal 306)
   defining Unicode char U+0133 (decimal 307)
   defining Unicode char U+0139 (decimal 313)
   defining Unicode char U+013A (decimal 314)
   defining Unicode char U+013D (decimal 317)
   defining Unicode char U+013E (decimal 318)
   defining Unicode char U+0141 (decimal 321)
   defining Unicode char U+0142 (decimal 322)
   defining Unicode char U+0143 (decimal 323)
   defining Unicode char U+0144 (decimal 324)
   defining Unicode char U+0147 (decimal 327)
   defining Unicode char U+0148 (decimal 328)
   defining Unicode char U+014A (decimal 330)
   defining Unicode char U+014B (decimal 331)
   defining Unicode char U+0150 (decimal 336)
   defining Unicode char U+0151 (decimal 337)
   defining Unicode char U+0152 (decimal 338)
   defining Unicode char U+0153 (decimal 339)
   defining Unicode char U+0154 (decimal 340)
   defining Unicode char U+0155 (decimal 341)
   defining Unicode char U+0158 (decimal 344)
   defining Unicode char U+0159 (decimal 345)
   defining Unicode char U+015A (decimal 346)
   defining Unicode char U+015B (decimal 347)
   defining Unicode char U+015E (decimal 350)
   defining Unicode char U+015F (decimal 351)
   defining Unicode char U+0160 (decimal 352)
   defining Unicode char U+0161 (decimal 353)
   defining Unicode char U+0162 (decimal 354)
   defining Unicode char U+0163 (decimal 355)
   defining Unicode char U+0164 (decimal 356)
   defining Unicode char U+0165 (decimal 357)
   defining Unicode char U+016E (decimal 366)
   defining Unicode char U+016F (decimal 367)
   defining Unicode char U+0170 (decimal 368)
   defining Unicode char U+0171 (decimal 369)
   defining Unicode char U+0178 (decimal 376)
   defining Unicode char U+0179 (decimal 377)
   defining Unicode char U+017A (decimal 378)
   defining Unicode char U+017B (decimal 379)
   defining Unicode char U+017C (decimal 380)
   defining Unicode char U+017D (decimal 381)
   defining Unicode char U+017E (decimal 382)
   defining Unicode char U+200C (decimal 8204)
   defining Unicode char U+2013 (decimal 8211)
   defining Unicode char U+2014 (decimal 8212)
   defining Unicode char U+2018 (decimal 8216)
   defining Unicode char U+2019 (decimal 8217)
   defining Unicode char U+201A (decimal 8218)
   defining Unicode char U+201C (decimal 8220)
   defining Unicode char U+201D (decimal 8221)
   defining Unicode char U+201E (decimal 8222)
   defining Unicode char U+2030 (decimal 8240)
   defining Unicode char U+2031 (decimal 8241)
   defining Unicode char U+2039 (decimal 8249)
   defining Unicode char U+203A (decimal 8250)
   defining Unicode char U+2423 (decimal 9251)
)
Now handling font encoding OT1 ...
... processing UTF-8 mapping file for font encoding OT1

(/usr/share/texmf-texlive/tex/latex/base/ot1enc.dfu
File: ot1enc.dfu 2008/04/05 v1.1m UTF-8 support for inputenc
   defining Unicode char U+00A1 (decimal 161)
   defining Unicode char U+00A3 (decimal 163)
   defining Unicode char U+00B8 (decimal 184)
   defining Unicode char U+00BF (decimal 191)
   defining Unicode char U+00C5 (decimal 197)
   defining Unicode char U+00C6 (decimal 198)
   defining Unicode char U+00D8 (decimal 216)
   defining Unicode char U+00DF (decimal 223)
   defining Unicode char U+00E6 (decimal 230)
   defining Unicode char U+00EC (decimal 236)
   defining Unicode char U+00ED (decimal 237)
   defining Unicode char U+00EE (decimal 238)
   defining Unicode char U+00EF (decimal 239)
   defining Unicode char U+00F8 (decimal 248)
   defining Unicode char U+0131 (decimal 305)
   defining Unicode char U+0141 (decimal 321)
   defining Unicode char U+0142 (decimal 322)
   defining Unicode char U+0152 (decimal 338)
   defining Unicode char U+0153 (decimal 339)
   defining Unicode char U+2013 (decimal 8211)
   defining Unicode char U+2014 (decimal 8212)
   defining Unicode char U+2018 (decimal 8216)
   defining Unicode char U+2019 (decimal 8217)
   defining Unicode char U+201C (decimal 8220)
   defining Unicode char U+201D (decimal 8221)
)
Now handling font encoding OMS ...
... processing UTF-8 mapping file for font encoding OMS

(/usr/share/texmf-texlive/tex/latex/base/omsenc.dfu
File: omsenc.dfu 2008/04/05 v1.1m UTF-8 support for inputenc
   defining Unicode char U+00A7 (decimal 167)
   defining Unicode char U+00B6 (decimal 182)
   defining Unicode char U+00B7 (decimal 183)
   defining Unicode char U+2020 (decimal 8224)
   defining Unicode char U+2021 (decimal 8225)
   defining Unicode char U+2022 (decimal 8226)
)
Now handling font encoding OMX ...
... no UTF-8 mapping file for font encoding OMX
Now handling font encoding U ...
... no UTF-8 mapping file for font encoding U
   defining Unicode char U+00A9 (decimal 169)
   defining Unicode char U+00AA (decimal 170)
   defining Unicode char U+00AE (decimal 174)
   defining Unicode char U+00BA (decimal 186)
   defining Unicode char U+02C6 (decimal 710)
   defining Unicode char U+02DC (decimal 732)
   defining Unicode char U+200C (decimal 8204)
   defining Unicode char U+2026 (decimal 8230)
   defining Unicode char U+2122 (decimal 8482)
   defining Unicode char U+2423 (decimal 9251)
))
(/var/lib/texmf/tex/generic/babel/babel.sty
Package: babel 2008/07/06 v3.8l The Babel package

(/usr/share/texmf-texlive/tex/generic/babel/spanish.ldf
Language: spanish.ldf 2009/01/02 v5.0h Spanish support from the babel system

(/usr/share/texmf-texlive/tex/generic/babel/babel.def
File: babel.def 2008/07/06 v3.8l Babel common definitions
\babel@savecnt=\count90
\U@D=\dimen107
)
\es@datefmt=\count91
\es@quottoks=\toks18
\es@quotdepth=\count92
Package babel Info: Making " an active character on input line 492.
Package babel Info: Making . an active character on input line 585.
))
(/usr/share/texmf-texlive/tex/latex/setspace/setspace.sty
Package: setspace 2000/12/01 6.7 Contributed and Supported LaTeX2e package

Package: `setspace' 6.7 <2000/12/01>
) (/usr/share/texmf-texlive/tex/latex/fancyhdr/fancyhdr.sty
\fancy@headwidth=\skip43
\f@ncyO@elh=\skip44
\f@ncyO@erh=\skip45
\f@ncyO@olh=\skip46
\f@ncyO@orh=\skip47
\f@ncyO@elf=\skip48
\f@ncyO@erf=\skip49
\f@ncyO@olf=\skip50
\f@ncyO@orf=\skip51
)
(/usr/share/texmf-texlive/tex/latex/lastpage/lastpage.sty
Package: lastpage 1994/06/25 v0.1b LaTeX2e package for refs to last page number
 (JPG)
)
(/usr/share/texmf-texlive/tex/latex/amsmath/amsmath.sty
Package: amsmath 2000/07/18 v2.13 AMS math features
\@mathmargin=\skip52

For additional information on amsmath, use the `?' option.
(/usr/share/texmf-texlive/tex/latex/amsmath/amstext.sty
Package: amstext 2000/06/29 v2.01

(/usr/share/texmf-texlive/tex/latex/amsmath/amsgen.sty
File: amsgen.sty 1999/11/30 v2.0
\@emptytoks=\toks19
\ex@=\dimen108
))
(/usr/share/texmf-texlive/tex/latex/amsmath/amsbsy.sty
Package: amsbsy 1999/11/29 v1.2d
\pmbraise@=\dimen109
)
(/usr/share/texmf-texlive/tex/latex/amsmath/amsopn.sty
Package: amsopn 1999/12/14 v2.01 operator names
)
\inf@bad=\count93
LaTeX Info: Redefining \frac on input line 211.
\uproot@=\count94
\leftroot@=\count95
LaTeX Info: Redefining \overline on input line 307.
\classnum@=\count96
\DOTSCASE@=\count97
LaTeX Info: Redefining \ldots on input line 379.
LaTeX Info: Redefining \dots on input line 382.
LaTeX Info: Redefining \cdots on input line 467.
\Mathstrutbox@=\box26
\strutbox@=\box27
\big@size=\dimen110
LaTeX Font Info:    Redeclaring font encoding OML on input line 567.
LaTeX Font Info:    Redeclaring font encoding OMS on input line 568.
\macc@depth=\count98
\c@MaxMatrixCols=\count99
\dotsspace@=\muskip10
\c@parentequation=\count100
\dspbrk@lvl=\count101
\tag@help=\toks20
\row@=\count102
\column@=\count103
\maxfields@=\count104
\andhelp@=\toks21
\eqnshift@=\dimen111
\alignsep@=\dimen112
\tagshift@=\dimen113
\tagwidth@=\dimen114
\totwidth@=\dimen115
\lineht@=\dimen116
\@envbody=\toks22
\multlinegap=\skip53
\multlinetaggap=\skip54
\mathdisplay@stack=\toks23
LaTeX Info: Redefining \[ on input line 2666.
LaTeX Info: Redefining \] on input line 2667.
)
(/usr/share/texmf-texlive/tex/latex/amsfonts/amsfonts.sty
Package: amsfonts 2009/06/22 v3.00 Basic AMSFonts support
\symAMSa=\mathgroup4
\symAMSb=\mathgroup5
LaTeX Font Info:    Overwriting math alphabet `\mathfrak' in version `bold'
(Font)                  U/euf/m/n --> U/euf/b/n on input line 96.
)
(/usr/share/texmf-texlive/tex/latex/amscls/amsthm.sty
Package: amsthm 2004/08/06 v2.20
\thm@style=\toks24
\thm@bodyfont=\toks25
\thm@headfont=\toks26
\thm@notefont=\toks27
\thm@headpunct=\toks28
\thm@preskip=\skip55
\thm@postskip=\skip56
\thm@headsep=\skip57
\dth@everypar=\toks29
)
(/usr/share/texmf-texlive/tex/latex/tools/verbatim.sty
Package: verbatim 2003/08/22 v1.5q LaTeX2e package for verbatim enhancements
\every@verbatim=\toks30
\verbatim@line=\toks31
\verbatim@in@stream=\read1
)
(/usr/share/texmf-texlive/tex/latex/graphics/graphicx.sty
Package: graphicx 1999/02/16 v1.0f Enhanced LaTeX Graphics (DPC,SPQR)

(/usr/share/texmf-texlive/tex/latex/graphics/graphics.sty
Package: graphics 2009/02/05 v1.0o Standard LaTeX Graphics (DPC,SPQR)

(/usr/share/texmf-texlive/tex/latex/graphics/trig.sty
Package: trig 1999/03/16 v1.09 sin cos tan (DPC)
)
(/etc/texmf/tex/latex/config/graphics.cfg
File: graphics.cfg 2009/08/28 v1.8 graphics configuration of TeX Live
)
Package graphics Info: Driver file: pdftex.def on input line 91.

(/usr/share/texmf-texlive/tex/latex/pdftex-def/pdftex.def
File: pdftex.def 2010/03/12 v0.04p Graphics/color for pdfTeX
\Gread@gobject=\count105
))
\Gin@req@height=\dimen117
\Gin@req@width=\dimen118
)
(/usr/share/texmf-texlive/tex/latex/float/float.sty
Package: float 2001/11/08 v1.3d Float enhancements (AL)
\c@float@type=\count106
\float@exts=\toks32
\float@box=\box28
\@float@everytoks=\toks33
\@floatcapt=\box29
)
(/usr/share/texmf-texlive/tex/latex/algorithmicx/algpseudocode.sty
Package: algpseudocode 

(/usr/share/texmf-texlive/tex/latex/base/ifthen.sty
Package: ifthen 2001/05/26 v1.1c Standard LaTeX ifthen package (DPC)
)
(/usr/share/texmf-texlive/tex/latex/algorithmicx/algorithmicx.sty
Package: algorithmicx 2005/04/27 v1.2 Algorithmicx

Document Style algorithmicx 1.2 - a greatly improved `algorithmic' style
\c@ALG@line=\count107
\c@ALG@rem=\count108
\c@ALG@nested=\count109
\ALG@tlm=\skip58
\ALG@thistlm=\skip59
\c@ALG@Lnr=\count110
\c@ALG@blocknr=\count111
\c@ALG@storecount=\count112
\c@ALG@tmpcounter=\count113
\ALG@tmplength=\skip60
)
Document Style - pseudocode environments for use with the `algorithmicx' style
) (/usr/share/texmf-texlive/tex/latex/enumitem/enumitem.sty
Package: enumitem 2009/05/18 v2.2 Customized lists
\enit@toks=\toks34
\labelindent=\skip61
\enit@outerparindent=\dimen119
\enitdp@desc=\count114
)
(/usr/share/texmf-texlive/tex/latex/appendix/appendix.sty
Package: appendix 2009/09/02 v1.2b extra appendix facilities
\c@@pps=\count115
\c@@ppsavesec=\count116
\c@@ppsaveapp=\count117
)
(/usr/share/texmf-texlive/tex/latex/oberdiek/epstopdf.sty
Package: epstopdf 2009/10/17 v2.4 Conversion with epstopdf on the fly (HO)

(/usr/share/texmf-texlive/tex/latex/oberdiek/epstopdf-base.sty
Package: epstopdf-base 2009/10/17 v2.4 Base part for package epstopdf

(/usr/share/texmf-texlive/tex/generic/oberdiek/infwarerr.sty
Package: infwarerr 2007/09/09 v1.2 Providing info/warning/message (HO)
)
(/usr/share/texmf-texlive/tex/latex/oberdiek/grfext.sty
Package: grfext 2007/09/30 v1.0 Managing graphics extensions (HO)
)
(/usr/share/texmf-texlive/tex/latex/oberdiek/kvoptions.sty
Package: kvoptions 2009/08/13 v3.4 Keyval support for LaTeX options (HO)

(/usr/share/texmf-texlive/tex/generic/oberdiek/kvsetkeys.sty
Package: kvsetkeys 2009/07/30 v1.5 Key value parser with default handler suppor
t (HO)

(/usr/share/texmf-texlive/tex/generic/oberdiek/etexcmds.sty
Package: etexcmds 2007/12/12 v1.2 Prefix for e-TeX command names (HO)
Package etexcmds Info: Could not find \expanded.
(etexcmds)             That can mean that you are not using pdfTeX 1.50 or
(etexcmds)             that some package has redefined \expanded.
(etexcmds)             In the latter case, load this package earlier.
)))
(/usr/share/texmf-texlive/tex/generic/oberdiek/pdftexcmds.sty
Package: pdftexcmds 2009/09/23 v0.6 LuaTeX support for pdfTeX utility functions
 (HO)

(/usr/share/texmf-texlive/tex/generic/oberdiek/ifluatex.sty
Package: ifluatex 2009/04/17 v1.2 Provides the ifluatex switch (HO)
Package ifluatex Info: LuaTeX not detected.
)
(/usr/share/texmf-texlive/tex/generic/oberdiek/ltxcmds.sty
Package: ltxcmds 2009/08/05 v1.0 Some LaTeX kernel commands for general use (HO
)
)
Package pdftexcmds Info: LuaTeX not detected.
Package pdftexcmds Info: \pdf@primitive is available.
Package pdftexcmds Info: \pdf@ifprimitive is available.
)
Package grfext Info: Graphics extension search list:
(grfext)             [.png,.pdf,.jpg,.mps,.jpeg,.jbig2,.jb2,.PNG,.PDF,.JPG,.JPE
G,.JBIG2,.JB2,.eps]
(grfext)             \AppendGraphicsExtensions on input line 433.

(/usr/share/texmf-texlive/tex/latex/latexconfig/epstopdf-sys.cfg
File: epstopdf-sys.cfg 2009/10/26 v1.1 Configuration of epstopdf for TeX Live
)))
(/usr/share/texmf-texlive/tex/latex/amsfonts/amssymb.sty
Package: amssymb 2009/06/22 v3.00
)
\c@propiedad=\count118
\c@demostracion=\count119
 (./informe.aux)
\openout1 = `informe.aux'.

LaTeX Font Info:    Checking defaults for OML/cmm/m/it on input line 105.
LaTeX Font Info:    ... okay on input line 105.
LaTeX Font Info:    Checking defaults for T1/cmr/m/n on input line 105.
LaTeX Font Info:    ... okay on input line 105.
LaTeX Font Info:    Checking defaults for OT1/cmr/m/n on input line 105.
LaTeX Font Info:    ... okay on input line 105.
LaTeX Font Info:    Checking defaults for OMS/cmsy/m/n on input line 105.
LaTeX Font Info:    ... okay on input line 105.
LaTeX Font Info:    Checking defaults for OMX/cmex/m/n on input line 105.
LaTeX Font Info:    ... okay on input line 105.
LaTeX Font Info:    Checking defaults for U/cmr/m/n on input line 105.
LaTeX Font Info:    ... okay on input line 105.

*geometry auto-detecting driver*
*geometry detected driver: pdftex*
-------------------- Geometry parameters
paper: a4paper
landscape: --
twocolumn: --
twoside: true
asymmetric: --
h-parts: 72.26999pt, 452.9679pt, 72.26999pt
v-parts: 72.26999pt, 700.50687pt, 72.26999pt
hmarginratio: --
vmarginratio: --
lines: --
heightrounded: --
bindingoffset: 0.0pt
truedimen: --
includehead: --
includefoot: --
includemp: --
driver: pdftex
-------------------- Page layout dimensions and switches
\paperwidth  597.50787pt
\paperheight 845.04684pt
\textwidth  452.9679pt
\textheight 700.50687pt
\oddsidemargin  0.0pt
\evensidemargin 0.0pt
\topmargin  -37.0pt
\headheight 12.0pt
\headsep    25.0pt
\footskip   30.0pt
\marginparwidth 111.0pt
\marginparsep   11.0pt
\columnsep  10.0pt
\skip\footins  9.0pt plus 4.0pt minus 2.0pt
\hoffset 0.0pt
\voffset 0.0pt
\mag 1000
\@twosidetrue \@mparswitchtrue 
(1in=72.27pt, 1cm=28.45pt)
-----------------------
(/usr/share/texmf-texlive/tex/context/base/supp-pdf.mkii
[Loading MPS to PDF converter (version 2006.09.02).]
\scratchcounter=\count120
\scratchdimen=\dimen120
\scratchbox=\box30
\nofMPsegments=\count121
\nofMParguments=\count122
\everyMPshowfont=\toks35
\MPscratchCnt=\count123
\MPscratchDim=\dimen121
\MPnumerator=\count124
\everyMPtoPDFconversion=\toks36
) <./img/DC.jpg, id=1, 241.70569pt x 86.53064pt>
File: ./img/DC.jpg Graphic file (type jpg)
 <use ./img/DC.jpg>
LaTeX Font Info:    Try loading font information for U+msa on input line 140.

(/usr/share/texmf-texlive/tex/latex/amsfonts/umsa.fd
File: umsa.fd 2009/06/22 v3.00 AMS symbols A
)
LaTeX Font Info:    Try loading font information for U+msb on input line 140.

(/usr/share/texmf-texlive/tex/latex/amsfonts/umsb.fd
File: umsb.fd 2009/06/22 v3.00 AMS symbols B
) [1

{/var/lib/texmf/fonts/map/pdftex/updmap/pdftex.map} <./img/DC.jpg>] (./informe.
toc
LaTeX Font Info:    Try loading font information for OMS+cmr on input line 39.

(/usr/share/texmf-texlive/tex/latex/base/omscmr.fd
File: omscmr.fd 1999/05/25 v2.5h Standard LaTeX font definitions
)
LaTeX Font Info:    Font shape `OMS/cmr/m/n' in size <10> not available
(Font)              Font shape `OMS/cmsy/m/n' tried instead on input line 39.
 [2])
\tf@toc=\write3
\openout3 = `informe.toc'.

 [3]
(./introduccion.tex) (./consideraciones.tex) [4] [5]
(./problema1/descripcion.tex) (./problema1/desarrollo.tex [6])
(./problema1/complejidad.tex) (./problema1/demostracion.tex [7] [8])
(./problema1/experimentacion.tex
Package epstopdf Info: Source file: <problema1/graficos/problema1_aleatoria_100
00.eps>
(epstopdf)                    date: 2014-04-10 11:23:08
(epstopdf)                    size: 62587 bytes
(epstopdf)             Output file: <problema1/graficos/problema1_aleatoria_100
00-eps-converted-to.pdf>
(epstopdf)                    date: 2014-04-10 12:04:16
(epstopdf)                    size: 43271 bytes
(epstopdf)             Command: <epstopdf --outfile=problema1/graficos/problema
1_aleatoria_10000-eps-converted-to.pdf problema1/graficos/problema1_aleatoria_1
0000.eps>
(epstopdf)             \includegraphics on input line 13.
Package epstopdf Info: Output file is already uptodate.

<problema1/graficos/problema1_aleatoria_10000-eps-converted-to.pdf, id=45, 500.
87125pt x 404.51125pt>
File: problema1/graficos/problema1_aleatoria_10000-eps-converted-to.pdf Graphic
 file (type pdf)

<use problema1/graficos/problema1_aleatoria_10000-eps-converted-to.pdf>
Package epstopdf Info: Source file: <problema1/graficos/problema1_aleatoria_100
00_div_nlogn.eps>
(epstopdf)                    date: 2014-04-11 01:17:33
(epstopdf)                    size: 54004 bytes
(epstopdf)             Output file: <problema1/graficos/problema1_aleatoria_100
00_div_nlogn-eps-converted-to.pdf>
(epstopdf)                    date: 2014-04-11 01:26:08
(epstopdf)                    size: 36124 bytes
(epstopdf)             Command: <epstopdf --outfile=problema1/graficos/problema
1_aleatoria_10000_div_nlogn-eps-converted-to.pdf problema1/graficos/problema1_a
leatoria_10000_div_nlogn.eps>
(epstopdf)             \includegraphics on input line 14.
Package epstopdf Info: Output file is already uptodate.

<problema1/graficos/problema1_aleatoria_10000_div_nlogn-eps-converted-to.pdf, i
d=46, 503.8825pt x 404.51125pt>
File: problema1/graficos/problema1_aleatoria_10000_div_nlogn-eps-converted-to.p
df Graphic file (type pdf)

<use problema1/graficos/problema1_aleatoria_10000_div_nlogn-eps-converted-to.pd
f>
Overfull \hbox (2.22221pt too wide) in paragraph at lines 13--15
[][] [] 
 []

[9]
Package epstopdf Info: Source file: <problema1/graficos/problema1_ordenada_alea
toria_10000_vs_problema1_ordenada_siempre_actualiza_10000_vs_problema1_ordenada
_todos_distintos_10000.eps>
(epstopdf)                    date: 2014-04-11 01:17:33
(epstopdf)                    size: 135099 bytes
(epstopdf)             Output file: <problema1/graficos/problema1_ordenada_alea
toria_10000_vs_problema1_ordenada_siempre_actualiza_10000_vs_problema1_ordenada
_todos_distintos_10000-eps-converted-to.pdf>
(epstopdf)                    date: 2014-04-11 01:26:08
(epstopdf)                    size: 91234 bytes
(epstopdf)             Command: <epstopdf --outfile=problema1/graficos/problema
1_ordenada_aleatoria_10000_vs_problema1_ordenada_siempre_actualiza_10000_vs_pro
blema1_ordenada_todos_distintos_10000-eps-converted-to.pdf problema1/graficos/p
roblema1_ordenada_aleatoria_10000_vs_problema1_ordenada_siempre_actualiza_10000
_vs_problema1_ordenada_todos_distintos_10000.eps>
(epstopdf)             \includegraphics on input line 28.
Package epstopdf Info: Output file is already uptodate.

<problema1/graficos/problema1_ordenada_aleatoria_10000_vs_problema1_ordenada_si
empre_actualiza_10000_vs_problema1_ordenada_todos_distintos_10000-eps-converted
-to.pdf, id=51, 500.87125pt x 404.51125pt>
File: problema1/graficos/problema1_ordenada_aleatoria_10000_vs_problema1_ordena
da_siempre_actualiza_10000_vs_problema1_ordenada_todos_distintos_10000-eps-conv
erted-to.pdf Graphic file (type pdf)

<use problema1/graficos/problema1_ordenada_aleatoria_10000_vs_problema1_ordenad
a_siempre_actualiza_10000_vs_problema1_ordenada_todos_distintos_10000-eps-conve
rted-to.pdf>) [10 <./problema1/graficos/problema1_aleatoria_10000-eps-converted
-to.pdf> <./problema1/graficos/problema1_aleatoria_10000_div_nlogn-eps-converte
d-to.pdf> <./problema1/graficos/problema1_ordenada_aleatoria_10000_vs_problema1
_ordenada_siempre_actualiza_10000_vs_problema1_ordenada_todos_distintos_10000-e
ps-converted-to.pdf>] (./problema1/resultados.tex) [11]
(./problema2/descripcion.tex) (./problema2/desarrollo.tex [12])
(./problema2/complejidad.tex) (./problema2/demostracion.tex [13]
Overfull \hbox (8.7143pt too wide) in paragraph at lines 60--61
[]$\OML/cmm/m/it/10 t\OT1/cmr/m/n/10 (\OML/cmm/m/it/10 r[]\OT1/cmr/m/n/10 ) [][
] \OML/cmm/m/it/10 p\OT1/cmr/m/n/10 (\OML/cmm/m/it/10 r[]\OT1/cmr/m/n/10 ) + \O
ML/cmm/m/it/10 t\OT1/cmr/m/n/10 (\OML/cmm/m/it/10 r[]\OT1/cmr/m/n/10 ) [][] \OM
L/cmm/m/it/10 p\OT1/cmr/m/n/10 (\OML/cmm/m/it/10 r[]\OT1/cmr/m/n/10 ) + \OML/cm
m/m/it/10 C\OT1/cmr/m/n/10 (\OML/cmm/m/it/10 R[]\OT1/cmr/m/n/10 [3\OML/cmm/m/it
/10 ; n\OT1/cmr/m/n/10 ]) \OMS/cmsy/m/n/10 ^^T \OML/cmm/m/it/10 t\OT1/cmr/m/n/1
0 (\OML/cmm/m/it/10 r[]\OT1/cmr/m/n/10 ) [][] \OML/cmm/m/it/10 p\OT1/cmr/m/n/10
 (\OML/cmm/m/it/10 r[]\OT1/cmr/m/n/10 ) + \OML/cmm/m/it/10 t\OT1/cmr/m/n/10 (\O
ML/cmm/m/it/10 r[]\OT1/cmr/m/n/10 ) [][] \OML/cmm/m/it/10 p\OT1/cmr/m/n/10 (\OM
L/cmm/m/it/10 r[]\OT1/cmr/m/n/10 ) + \OML/cmm/m/it/10 C\OT1/cmr/m/n/10 (\OML/cm
m/m/it/10 R[]\OT1/cmr/m/n/10 [3\OML/cmm/m/it/10 ; n\OT1/cmr/m/n/10 ])  \OMS/cms
y/m/n/10 ([])
 []


Underfull \hbox (badness 10000) in paragraph at lines 60--61

 []

[14] [15]) (./problema2/experimentacion.tex
Package epstopdf Info: Source file: <problema2/graficos/problema2_aleatoria_100
00.eps>
(epstopdf)                    date: 2014-04-10 11:23:08
(epstopdf)                    size: 58817 bytes
(epstopdf)             Output file: <problema2/graficos/problema2_aleatoria_100
00-eps-converted-to.pdf>
(epstopdf)                    date: 2014-04-10 12:04:16
(epstopdf)                    size: 41469 bytes
(epstopdf)             Command: <epstopdf --outfile=problema2/graficos/problema
2_aleatoria_10000-eps-converted-to.pdf problema2/graficos/problema2_aleatoria_1
0000.eps>
(epstopdf)             \includegraphics on input line 18.
Package epstopdf Info: Output file is already uptodate.

<problema2/graficos/problema2_aleatoria_10000-eps-converted-to.pdf, id=90, 500.
87125pt x 404.51125pt>
File: problema2/graficos/problema2_aleatoria_10000-eps-converted-to.pdf Graphic
 file (type pdf)

<use problema2/graficos/problema2_aleatoria_10000-eps-converted-to.pdf>
Package epstopdf Info: Source file: <problema2/graficos/problema2_aleatoria_100
00_div_nlogn.eps>
(epstopdf)                    date: 2014-04-11 12:50:05
(epstopdf)                    size: 47453 bytes
(epstopdf)             Output file: <problema2/graficos/problema2_aleatoria_100
00_div_nlogn-eps-converted-to.pdf>
(epstopdf)                    date: 2014-04-11 12:50:29
(epstopdf)                    size: 30580 bytes
(epstopdf)             Command: <epstopdf --outfile=problema2/graficos/problema
2_aleatoria_10000_div_nlogn-eps-converted-to.pdf problema2/graficos/problema2_a
leatoria_10000_div_nlogn.eps>
(epstopdf)             \includegraphics on input line 19.
Package epstopdf Info: Output file is already uptodate.

<problema2/graficos/problema2_aleatoria_10000_div_nlogn-eps-converted-to.pdf, i
d=91, 503.8825pt x 404.51125pt>
File: problema2/graficos/problema2_aleatoria_10000_div_nlogn-eps-converted-to.p
df Graphic file (type pdf)

<use problema2/graficos/problema2_aleatoria_10000_div_nlogn-eps-converted-to.pd
f>
Overfull \hbox (2.22221pt too wide) in paragraph at lines 18--20
[][] [] 
 []

[16 <./problema2/graficos/problema2_aleatoria_10000-eps-converted-to.pdf> <./pr
oblema2/graficos/problema2_aleatoria_10000_div_nlogn-eps-converted-to.pdf>]
Package epstopdf Info: Source file: <problema2/graficos/problema2_ordenada_1000
0.eps>
(epstopdf)                    date: 2014-04-11 12:50:05
(epstopdf)                    size: 56993 bytes
(epstopdf)             Output file: <problema2/graficos/problema2_ordenada_1000
0-eps-converted-to.pdf>
(epstopdf)                    date: 2014-04-11 12:50:29
(epstopdf)                    size: 40589 bytes
(epstopdf)             Command: <epstopdf --outfile=problema2/graficos/problema
2_ordenada_10000-eps-converted-to.pdf problema2/graficos/problema2_ordenada_100
00.eps>
(epstopdf)             \includegraphics on input line 33.
Package epstopdf Info: Output file is already uptodate.

<problema2/graficos/problema2_ordenada_10000-eps-converted-to.pdf, id=105, 492.
84125pt x 404.51125pt>
File: problema2/graficos/problema2_ordenada_10000-eps-converted-to.pdf Graphic 
file (type pdf)

<use problema2/graficos/problema2_ordenada_10000-eps-converted-to.pdf>
Package epstopdf Info: Source file: <problema2/graficos/problema2_ordenada_1000
0_div_n.eps>
(epstopdf)                    date: 2014-04-11 12:50:05
(epstopdf)                    size: 45412 bytes
(epstopdf)             Output file: <problema2/graficos/problema2_ordenada_1000
0_div_n-eps-converted-to.pdf>
(epstopdf)                    date: 2014-04-11 12:50:29
(epstopdf)                    size: 28609 bytes
(epstopdf)             Command: <epstopdf --outfile=problema2/graficos/problema
2_ordenada_10000_div_n-eps-converted-to.pdf problema2/graficos/problema2_ordena
da_10000_div_n.eps>
(epstopdf)             \includegraphics on input line 34.
Package epstopdf Info: Output file is already uptodate.

<problema2/graficos/problema2_ordenada_10000_div_n-eps-converted-to.pdf, id=106
, 509.905pt x 404.51125pt>
File: problema2/graficos/problema2_ordenada_10000_div_n-eps-converted-to.pdf Gr
aphic file (type pdf)

<use problema2/graficos/problema2_ordenada_10000_div_n-eps-converted-to.pdf>
Overfull \hbox (2.22221pt too wide) in paragraph at lines 33--35
[][] [] 
 []

) (./problema2/resultados.tex) [17 <./problema2/graficos/problema2_ordenada_100
00-eps-converted-to.pdf> <./problema2/graficos/problema2_ordenada_10000_div_n-e
ps-converted-to.pdf>] (./problema3/descripcion.tex) (./problema3/desarrollo.tex
[18]) (./problema3/complejidad.tex [19]) (./problema3/demostracion.tex [20])
(./problema3/experimentacion.tex [21]
Package epstopdf Info: Source file: <problema3/graficos/comparacion_podas_todas
_instancias_llamados.eps>
(epstopdf)                    date: 2014-04-11 17:52:28
(epstopdf)                    size: 11984 bytes
(epstopdf)             Output file: <problema3/graficos/comparacion_podas_todas
_instancias_llamados-eps-converted-to.pdf>
(epstopdf)                    date: 2014-04-11 17:52:34
(epstopdf)                    size: 7885 bytes
(epstopdf)             Command: <epstopdf --outfile=problema3/graficos/comparac
ion_podas_todas_instancias_llamados-eps-converted-to.pdf problema3/graficos/com
paracion_podas_todas_instancias_llamados.eps>
(epstopdf)             \includegraphics on input line 15.
Package epstopdf Info: Output file is already uptodate.

<problema3/graficos/comparacion_podas_todas_instancias_llamados-eps-converted-t
o.pdf, id=133, 484.81125pt x 402.50375pt>
File: problema3/graficos/comparacion_podas_todas_instancias_llamados-eps-conver
ted-to.pdf Graphic file (type pdf)

<use problema3/graficos/comparacion_podas_todas_instancias_llamados-eps-convert
ed-to.pdf>
Package epstopdf Info: Source file: <problema3/graficos/comparacion_podas_todas
_instancias_tiempo.eps>
(epstopdf)                    date: 2014-04-11 17:52:28
(epstopdf)                    size: 11670 bytes
(epstopdf)             Output file: <problema3/graficos/comparacion_podas_todas
_instancias_tiempo-eps-converted-to.pdf>
(epstopdf)                    date: 2014-04-11 17:52:34
(epstopdf)                    size: 7725 bytes
(epstopdf)             Command: <epstopdf --outfile=problema3/graficos/comparac
ion_podas_todas_instancias_tiempo-eps-converted-to.pdf problema3/graficos/compa
racion_podas_todas_instancias_tiempo.eps>
(epstopdf)             \includegraphics on input line 16.
Package epstopdf Info: Output file is already uptodate.

<problema3/graficos/comparacion_podas_todas_instancias_tiempo-eps-converted-to.
pdf, id=134, 486.81876pt x 402.50375pt>
File: problema3/graficos/comparacion_podas_todas_instancias_tiempo-eps-converte
d-to.pdf Graphic file (type pdf)

<use problema3/graficos/comparacion_podas_todas_instancias_tiempo-eps-converted
-to.pdf>
Overfull \hbox (2.22221pt too wide) in paragraph at lines 15--17
[][] [] 
 []

Package epstopdf Info: Source file: <problema3/graficos/comparacion_podas1y2_ll
amados_recursivos.eps>
(epstopdf)                    date: 2014-04-11 17:52:28
(epstopdf)                    size: 18649 bytes
(epstopdf)             Output file: <problema3/graficos/comparacion_podas1y2_ll
amados_recursivos-eps-converted-to.pdf>
(epstopdf)                    date: 2014-04-11 17:52:34
(epstopdf)                    size: 9599 bytes
(epstopdf)             Command: <epstopdf --outfile=problema3/graficos/comparac
ion_podas1y2_llamados_recursivos-eps-converted-to.pdf problema3/graficos/compar
acion_podas1y2_llamados_recursivos.eps>
(epstopdf)             \includegraphics on input line 32.
Package epstopdf Info: Output file is already uptodate.

<problema3/graficos/comparacion_podas1y2_llamados_recursivos-eps-converted-to.p
df, id=135, 487.8225pt x 404.51125pt>
File: problema3/graficos/comparacion_podas1y2_llamados_recursivos-eps-converted
-to.pdf Graphic file (type pdf)

<use problema3/graficos/comparacion_podas1y2_llamados_recursivos-eps-converted-
to.pdf> [22 <./problema3/graficos/comparacion_podas_todas_instancias_llamados-e
ps-converted-to.pdf> <./problema3/graficos/comparacion_podas_todas_instancias_t
iempo-eps-converted-to.pdf>]
Package epstopdf Info: Source file: <problema3/graficos/comparacion_podas1y2_ti
empo.eps>
(epstopdf)                    date: 2014-04-11 17:52:28
(epstopdf)                    size: 18694 bytes
(epstopdf)             Output file: <problema3/graficos/comparacion_podas1y2_ti
empo-eps-converted-to.pdf>
(epstopdf)                    date: 2014-04-11 17:52:35
(epstopdf)                    size: 9672 bytes
(epstopdf)             Command: <epstopdf --outfile=problema3/graficos/comparac
ion_podas1y2_tiempo-eps-converted-to.pdf problema3/graficos/comparacion_podas1y
2_tiempo.eps>
(epstopdf)             \includegraphics on input line 40.
Package epstopdf Info: Output file is already uptodate.

<problema3/graficos/comparacion_podas1y2_tiempo-eps-converted-to.pdf, id=149, 4
87.8225pt x 404.51125pt>
File: problema3/graficos/comparacion_podas1y2_tiempo-eps-converted-to.pdf Graph
ic file (type pdf)

<use problema3/graficos/comparacion_podas1y2_tiempo-eps-converted-to.pdf>
[23 <./problema3/graficos/comparacion_podas1y2_llamados_recursivos-eps-converte
d-to.pdf>]) (./problema3/resultados.tex [24 <./problema3/graficos/comparacion_p
odas1y2_tiempo-eps-converted-to.pdf>]) [25] (./apendices.tex
File: ./codigo/problema1.cpp  (verbatim)
 [26]
File: ./codigo/problema2.cpp  (verbatim)
 [27]
File: ./codigo/problema3.cpp  (verbatim)

Overfull \hbox (51.02771pt too wide) in paragraph at lines 18--18
[]    \OT1/cmtt/m/n/10 if (llamarRecursivamente(sig_i, sig_j, solucionParcial, 
solucionOptima, piezaDisponible, e))[] 
 []


Overfull \hbox (40.5278pt too wide) in paragraph at lines 18--18
[]      \OT1/cmtt/m/n/10 resolverBacktracking(sig_i, sig_j, solucionParcial, so
lucionOptima, piezaDisponible, e);[] 
 []


Overfull \hbox (40.5278pt too wide) in paragraph at lines 18--18
[]  \OT1/cmtt/m/n/10 if (llamarRecursivamente(sig_i, sig_j, solucionParcial, so
lucionOptima, piezaDisponible, e))[] 
 []


Overfull \hbox (30.0279pt too wide) in paragraph at lines 18--18
[]    \OT1/cmtt/m/n/10 resolverBacktracking(sig_i, sig_j, solucionParcial, solu
cionOptima, piezaDisponible, e);[] 
 []

[28]
Overfull \hbox (30.0279pt too wide) in paragraph at lines 18--18
[]\OT1/cmtt/m/n/10 bool esCompatible(int indicePieza, int i, int j, Tablero &so
lucionParcial, const Entrada &e)[] 
 []

[29]) AED: lastpage setting LastPage [30] (./informe.aux) ) 
Here is how much of TeX's memory you used:
 4628 strings out of 493848
 64591 string characters out of 1152823
 131953 words of memory out of 3000000
 7719 multiletter control sequences out of 15000+50000
 11677 words of font info for 45 fonts, out of 3000000 for 9000
 714 hyphenation exceptions out of 8191
 41i,12n,43p,892b,458s stack positions out of 5000i,500n,10000p,200000b,50000s
</usr/share/texmf-te
xlive/fonts/type1/public/amsfonts/cm/cmbx10.pfb></usr/share/texmf-texlive/fonts
/type1/public/amsfonts/cm/cmbx12.pfb></usr/share/texmf-texlive/fonts/type1/publ
ic/amsfonts/cm/cmcsc10.pfb></usr/share/texmf-texlive/fonts/type1/public/amsfont
s/cm/cmex10.pfb></usr/share/texmf-texlive/fonts/type1/public/amsfonts/cm/cmmi10
.pfb></usr/share/texmf-texlive/fonts/type1/public/amsfonts/cm/cmmi5.pfb></usr/s
hare/texmf-texlive/fonts/type1/public/amsfonts/cm/cmmi7.pfb></usr/share/texmf-t
exlive/fonts/type1/public/amsfonts/cm/cmmi8.pfb></usr/share/texmf-texlive/fonts
/type1/public/amsfonts/cm/cmr10.pfb></usr/share/texmf-texlive/fonts/type1/publi
c/amsfonts/cm/cmr12.pfb></usr/share/texmf-texlive/fonts/type1/public/amsfonts/c
m/cmr17.pfb></usr/share/texmf-texlive/fonts/type1/public/amsfonts/cm/cmr5.pfb><
/usr/share/texmf-texlive/fonts/type1/public/amsfonts/cm/cmr6.pfb></usr/share/te
xmf-texlive/fonts/type1/public/amsfonts/cm/cmr7.pfb></usr/share/texmf-texlive/f
onts/type1/public/amsfonts/cm/cmr8.pfb></usr/share/texmf-texlive/fonts/type1/pu
blic/amsfonts/cm/cmsy10.pfb></usr/share/texmf-texlive/fonts/type1/public/amsfon
ts/cm/cmsy5.pfb></usr/share/texmf-texlive/fonts/type1/public/amsfonts/cm/cmsy7.
pfb></usr/share/texmf-texlive/fonts/type1/public/amsfonts/cm/cmti10.pfb></usr/s
hare/texmf-texlive/fonts/type1/public/amsfonts/cm/cmtt10.pfb></usr/share/texmf-
texlive/fonts/type1/public/amsfonts/symbols/msam10.pfb></usr/share/texmf-texliv
e/fonts/type1/public/amsfonts/symbols/msbm10.pfb>
Output written on informe.pdf (30 pages, 720133 bytes).
PDF statistics:
 253 PDF objects out of 1000 (max. 8388607)
 0 named destinations out of 1000 (max. 500000)
 61 words of extra memory for PDF output out of 10000 (max. 10000000)

